2015-12-01 07:48:58,951 ERROR [main] - System.err - SLF4J: Failed to load class "org.slf4j.impl.StaticLoggerBinder".
2015-12-01 07:48:59,044 ERROR [main] - System.err - SLF4J: Defaulting to no-operation (NOP) logger implementation
2015-12-01 07:48:59,045 ERROR [main] - System.err - SLF4J: See http://www.slf4j.org/codes.html#StaticLoggerBinder for further details.
2015-12-01 07:49:55,075  WARN [ModalContext] - ScalaProject - Project Test1 has platform default sourceLevel.
2015-12-01 07:49:55,076  WARN [ModalContext] - ScalaProject - Project Test1 runs on platform default installation.
2015-12-01 07:49:58,451  WARN [Worker-1] - ScalaProject - Project Test1 has platform default sourceLevel.
2015-12-01 07:49:58,452  WARN [Worker-1] - ScalaProject - Project Test1 runs on platform default installation.
2015-12-01 07:50:16,185  WARN [main] - ScalaProject - Project Test1 has platform default sourceLevel.
2015-12-01 07:50:16,186  WARN [main] - ScalaProject - Project Test1 runs on platform default installation.
2015-12-01 07:50:21,840  WARN [Worker-1] - ScalaProject - Project Test1 has platform default sourceLevel.
2015-12-01 07:50:21,840  WARN [Worker-1] - ScalaProject - Project Test1 runs on platform default installation.
2015-12-01 07:50:21,883  WARN [Worker-1] - ScalaProject - Project Test1 has platform default sourceLevel.
2015-12-01 07:50:21,883  WARN [Worker-1] - ScalaProject - Project Test1 runs on platform default installation.
2015-12-01 07:50:22,074  WARN [main] - ScalaProject - Project Test1 has platform default sourceLevel.
2015-12-01 07:50:22,075  WARN [main] - ScalaProject - Project Test1 runs on platform default installation.
2015-12-01 07:50:22,609  WARN [Worker-5] - ScalaProject - Project Test1 has platform default sourceLevel.
2015-12-01 07:50:22,609  WARN [Worker-5] - ScalaProject - Project Test1 runs on platform default installation.
2015-12-01 07:50:22,672  WARN [Worker-5] - ScalaProject - Project Test1 has platform default sourceLevel.
2015-12-01 07:50:22,672  WARN [Worker-5] - ScalaProject - Project Test1 runs on platform default installation.
2015-12-01 07:50:25,375  WARN [Worker-5] - ScalaProject - Project Test1 has platform default sourceLevel.
2015-12-01 07:50:25,376  WARN [Worker-5] - ScalaProject - Project Test1 runs on platform default installation.
2015-12-01 07:50:25,679 ERROR [main] - org.scala-ide.sdt.core - org.scala-ide.sdt.core - org.scala-ide.sdt.core - 0 - An error occurred while trying to create a file.
org.eclipse.core.internal.resources.ResourceException: Resource '/Test1/src/test.scala' already exists.
	at org.eclipse.core.internal.resources.Resource.checkDoesNotExist(Resource.java:320)
	at org.eclipse.core.internal.resources.Resource.checkDoesNotExist(Resource.java:307)
	at org.eclipse.core.internal.resources.File.create(File.java:112)
	at org.eclipse.core.internal.resources.File.create(File.java:188)
	at org.scalaide.util.eclipse.FileUtils$$anonfun$createFile$1.apply$mcV$sp(FileUtils.scala:98)
	at org.scalaide.util.eclipse.FileUtils$$anonfun$createFile$1.apply(FileUtils.scala:89)
	at org.scalaide.util.eclipse.FileUtils$$anonfun$createFile$1.apply(FileUtils.scala:89)
	at scala.util.Try$.apply(Try.scala:192)
	at org.scalaide.util.eclipse.FileUtils$.createFile(FileUtils.scala:89)
	at org.scalaide.ui.internal.wizards.NewFileWizard$$anonfun$okPressed$1.apply(NewFileWizard.scala:284)
	at org.scalaide.ui.internal.wizards.NewFileWizard$$anonfun$okPressed$1.apply(NewFileWizard.scala:283)
	at scala.Option.foreach(Option.scala:257)
	at org.scalaide.ui.internal.wizards.NewFileWizard$class.okPressed(NewFileWizard.scala:283)
	at org.scalaide.ui.internal.wizards.NewFileWizardAdapter$$anon$1.okPressed(NewFileWizardAdapter.scala:28)
	at org.scalaide.ui.internal.wizards.NewFileWizardAdapter.performFinish(NewFileWizardAdapter.scala:55)
	at org.eclipse.jface.wizard.WizardDialog.finishPressed(WizardDialog.java:853)
	at org.eclipse.jface.wizard.WizardDialog.buttonPressed(WizardDialog.java:438)
	at org.eclipse.jface.dialogs.Dialog$2.widgetSelected(Dialog.java:619)
	at org.eclipse.swt.widgets.TypedListener.handleEvent(TypedListener.java:248)
	at org.eclipse.swt.widgets.EventTable.sendEvent(EventTable.java:84)
	at org.eclipse.swt.widgets.Display.sendEvent(Display.java:4353)
	at org.eclipse.swt.widgets.Widget.sendEvent(Widget.java:1061)
	at org.eclipse.swt.widgets.Display.runDeferredEvents(Display.java:4172)
	at org.eclipse.swt.widgets.Display.readAndDispatch(Display.java:3761)
	at org.eclipse.jface.window.Window.runEventLoop(Window.java:832)
	at org.eclipse.jface.window.Window.open(Window.java:808)
	at org.eclipse.ui.internal.actions.NewWizardShortcutAction.run(NewWizardShortcutAction.java:136)
	at org.eclipse.jface.action.Action.runWithEvent(Action.java:519)
	at org.eclipse.jface.action.ActionContributionItem.handleWidgetSelection(ActionContributionItem.java:595)
	at org.eclipse.jface.action.ActionContributionItem.access$2(ActionContributionItem.java:511)
	at org.eclipse.jface.action.ActionContributionItem$5.handleEvent(ActionContributionItem.java:420)
	at org.eclipse.swt.widgets.EventTable.sendEvent(EventTable.java:84)
	at org.eclipse.swt.widgets.Display.sendEvent(Display.java:4353)
	at org.eclipse.swt.widgets.Widget.sendEvent(Widget.java:1061)
	at org.eclipse.swt.widgets.Display.runDeferredEvents(Display.java:4172)
	at org.eclipse.swt.widgets.Display.readAndDispatch(Display.java:3761)
	at org.eclipse.e4.ui.internal.workbench.swt.PartRenderingEngine$9.run(PartRenderingEngine.java:1151)
	at org.eclipse.core.databinding.observable.Realm.runWithDefault(Realm.java:332)
	at org.eclipse.e4.ui.internal.workbench.swt.PartRenderingEngine.run(PartRenderingEngine.java:1032)
	at org.eclipse.e4.ui.internal.workbench.E4Workbench.createAndRunUI(E4Workbench.java:148)
	at org.eclipse.ui.internal.Workbench$5.run(Workbench.java:636)
	at org.eclipse.core.databinding.observable.Realm.runWithDefault(Realm.java:332)
	at org.eclipse.ui.internal.Workbench.createAndRunWorkbench(Workbench.java:579)
	at org.eclipse.ui.PlatformUI.createAndRunWorkbench(PlatformUI.java:150)
	at org.eclipse.ui.internal.ide.application.IDEApplication.start(IDEApplication.java:135)
	at org.eclipse.equinox.internal.app.EclipseAppHandle.run(EclipseAppHandle.java:196)
	at org.eclipse.core.runtime.internal.adaptor.EclipseAppLauncher.runApplication(EclipseAppLauncher.java:134)
	at org.eclipse.core.runtime.internal.adaptor.EclipseAppLauncher.start(EclipseAppLauncher.java:104)
	at org.eclipse.core.runtime.adaptor.EclipseStarter.run(EclipseStarter.java:380)
	at org.eclipse.core.runtime.adaptor.EclipseStarter.run(EclipseStarter.java:235)
	at sun.reflect.NativeMethodAccessorImpl.invoke0(Native Method)
	at sun.reflect.NativeMethodAccessorImpl.invoke(Unknown Source)
	at sun.reflect.DelegatingMethodAccessorImpl.invoke(Unknown Source)
	at java.lang.reflect.Method.invoke(Unknown Source)
	at org.eclipse.equinox.launcher.Main.invokeFramework(Main.java:648)
	at org.eclipse.equinox.launcher.Main.basicRun(Main.java:603)
	at org.eclipse.equinox.launcher.Main.run(Main.java:1465)
2015-12-01 07:51:31,109  WARN [Worker-4] - ScalaProject - Project Test1 has platform default sourceLevel.
2015-12-01 07:51:31,110  WARN [Worker-4] - ScalaProject - Project Test1 runs on platform default installation.
2015-12-01 07:51:31,166  WARN [Worker-4] - ScalaProject - Project Test1 has platform default sourceLevel.
2015-12-01 07:51:31,166  WARN [Worker-4] - ScalaProject - Project Test1 runs on platform default installation.
2015-12-01 07:51:31,272  WARN [Worker-4] - ScalaProject - Project Test1 has platform default sourceLevel.
2015-12-01 07:51:31,273  WARN [Worker-4] - ScalaProject - Project Test1 runs on platform default installation.
2015-12-01 07:54:29,504  WARN [main] - ScalaProject - Project Test1 has platform default sourceLevel.
2015-12-01 07:54:29,505  WARN [main] - ScalaProject - Project Test1 runs on platform default installation.
2015-12-01 07:54:31,306  WARN [main] - ScalaProject - Project Test1 has platform default sourceLevel.
2015-12-01 07:54:31,307  WARN [main] - ScalaProject - Project Test1 runs on platform default installation.
2015-12-01 07:54:31,621  WARN [Worker-0] - ScalaProject - Project Test1 has platform default sourceLevel.
2015-12-01 07:54:31,621  WARN [Worker-0] - ScalaProject - Project Test1 runs on platform default installation.
2015-12-01 07:54:31,653  WARN [Worker-0] - ScalaProject - Project Test1 has platform default sourceLevel.
2015-12-01 07:54:31,653  WARN [Worker-0] - ScalaProject - Project Test1 runs on platform default installation.
2015-12-01 07:54:35,614  WARN [Worker-0] - ScalaProject - Project Test1 has platform default sourceLevel.
2015-12-01 07:54:35,614  WARN [Worker-0] - ScalaProject - Project Test1 runs on platform default installation.
2015-12-01 07:59:11,371  WARN [Worker-13] - ScalaProject - Project Test1 has platform default sourceLevel.
2015-12-01 07:59:11,373  WARN [Worker-13] - ScalaProject - Project Test1 runs on platform default installation.
2015-12-01 07:59:11,413  WARN [Worker-13] - ScalaProject - Project Test1 has platform default sourceLevel.
2015-12-01 07:59:11,413  WARN [Worker-13] - ScalaProject - Project Test1 runs on platform default installation.
2015-12-01 07:59:15,198  WARN [Worker-13] - ScalaProject - Project Test1 has platform default sourceLevel.
2015-12-01 07:59:15,199  WARN [Worker-13] - ScalaProject - Project Test1 runs on platform default installation.
2015-12-01 20:39:15,457  WARN [Worker-7] - ScalaProject - Project Test1 has platform default sourceLevel.
2015-12-01 20:39:15,462  WARN [Worker-7] - ScalaProject - Project Test1 runs on platform default installation.
2015-12-01 20:39:16,274  WARN [main] - ScalaProject - Project Test1 has platform default sourceLevel.
2015-12-01 20:39:16,274  WARN [main] - ScalaProject - Project Test1 runs on platform default installation.
2015-12-01 20:39:40,203  WARN [Worker-3] - ScalaProject - Project Test1 has platform default sourceLevel.
2015-12-01 20:39:40,203  WARN [Worker-3] - ScalaProject - Project Test1 runs on platform default installation.
2015-12-01 20:39:40,285  WARN [Worker-3] - ScalaProject - Project Test1 has platform default sourceLevel.
2015-12-01 20:39:40,285  WARN [Worker-3] - ScalaProject - Project Test1 runs on platform default installation.
2015-12-01 20:39:40,610  WARN [Worker-3] - ScalaProject - Project Test1 has platform default sourceLevel.
2015-12-01 20:39:40,610  WARN [Worker-3] - ScalaProject - Project Test1 runs on platform default installation.
2015-12-01 20:39:40,930  WARN [Worker-3] - ScalaProject - Project Test1 has platform default sourceLevel.
2015-12-01 20:39:40,930  WARN [Worker-3] - ScalaProject - Project Test1 runs on platform default installation.
2015-12-05 11:52:22,887 ERROR [main] - System.err - SLF4J: Failed to load class "org.slf4j.impl.StaticLoggerBinder".
2015-12-05 11:52:22,907 ERROR [main] - System.err - SLF4J: Defaulting to no-operation (NOP) logger implementation
2015-12-05 11:52:22,907 ERROR [main] - System.err - SLF4J: See http://www.slf4j.org/codes.html#StaticLoggerBinder for further details.
2015-12-05 11:52:31,937  WARN [Worker-2] - ScalaProject - Project Test1 has platform default sourceLevel.
2015-12-05 11:52:31,937  WARN [Worker-2] - ScalaProject - Project Test1 runs on platform default installation.
2015-12-05 11:52:43,431  WARN [Worker-2] - ScalaProject - Project Test1 has platform default sourceLevel.
2015-12-05 11:52:43,431  WARN [Worker-2] - ScalaProject - Project Test1 runs on platform default installation.
2015-12-05 11:52:43,471  WARN [Worker-2] - ScalaProject - Project Test1 has platform default sourceLevel.
2015-12-05 11:52:43,471  WARN [Worker-2] - ScalaProject - Project Test1 runs on platform default installation.
2015-12-05 11:52:43,621  WARN [Worker-2] - ScalaProject - Project Test1 has platform default sourceLevel.
2015-12-05 11:52:43,621  WARN [Worker-2] - ScalaProject - Project Test1 runs on platform default installation.
2015-12-05 11:52:43,891  WARN [Worker-2] - ScalaProject - Project Test1 has platform default sourceLevel.
2015-12-05 11:52:43,891  WARN [Worker-2] - ScalaProject - Project Test1 runs on platform default installation.
2015-12-05 13:12:55,122  WARN [main] - ScalaProject - Project Test1 has platform default sourceLevel.
2015-12-05 13:12:55,130  WARN [main] - ScalaProject - Project Test1 runs on platform default installation.
2015-12-05 13:19:03,684 ERROR [main] - System.err - SLF4J: Failed to load class "org.slf4j.impl.StaticLoggerBinder".
2015-12-05 13:19:03,706 ERROR [main] - System.err - SLF4J: Defaulting to no-operation (NOP) logger implementation
2015-12-05 13:19:03,706 ERROR [main] - System.err - SLF4J: See http://www.slf4j.org/codes.html#StaticLoggerBinder for further details.
2015-12-05 13:19:12,989  WARN [Worker-3] - ScalaProject - Project Test1 has platform default sourceLevel.
2015-12-05 13:19:12,990  WARN [Worker-3] - ScalaProject - Project Test1 runs on platform default installation.
2015-12-05 13:19:18,035  WARN [Worker-0] - ScalaProject - Project Test1 has platform default sourceLevel.
2015-12-05 13:19:18,036  WARN [Worker-0] - ScalaProject - Project Test1 runs on platform default installation.
2015-12-05 13:19:18,110  WARN [Worker-0] - ScalaProject - Project Test1 has platform default sourceLevel.
2015-12-05 13:19:18,111  WARN [Worker-0] - ScalaProject - Project Test1 runs on platform default installation.
2015-12-05 13:19:18,492  WARN [Worker-0] - ScalaProject - Project Test1 has platform default sourceLevel.
2015-12-05 13:19:18,492  WARN [Worker-0] - ScalaProject - Project Test1 runs on platform default installation.
2015-12-05 13:19:18,667  WARN [Worker-0] - ScalaProject - Project Test1 has platform default sourceLevel.
2015-12-05 13:19:18,668  WARN [Worker-0] - ScalaProject - Project Test1 runs on platform default installation.
2015-12-05 13:19:38,221  WARN [main] - ScalaProject - Project Test1 has platform default sourceLevel.
2015-12-05 13:19:38,222  WARN [main] - ScalaProject - Project Test1 runs on platform default installation.
2015-12-05 19:52:01,073 ERROR [main] - System.err - log4j:WARN No appenders could be found for logger (org.eclipse.m2e.core.internal.project.registry.ProjectRegistryRefreshJob).
2015-12-05 19:52:01,093 ERROR [main] - System.err - log4j:WARN Please initialize the log4j system properly.
2015-12-05 19:52:12,608  WARN [Worker-2] - ScalaProject - Project Test1 has platform default sourceLevel.
2015-12-05 19:52:12,618  WARN [Worker-2] - ScalaProject - Project Test1 runs on platform default installation.
2015-12-05 19:52:12,758  WARN [Worker-1] - ScalaProject - Project Test1 has platform default sourceLevel.
2015-12-05 19:52:12,768  WARN [Worker-1] - ScalaProject - Project Test1 runs on platform default installation.
2015-12-05 21:05:10,762 ERROR [main] - Statistics - Statistics file `C:\Users\ad00436114\.scalaide\statistics` is corrupted. A new one is being created. Corrupted content was:

com.cedarsoftware.util.io.JsonIoException: error parsing JSON value
	at com.cedarsoftware.util.io.JsonReader.readObject(JsonReader.java:529)
	at com.cedarsoftware.util.io.JsonReader.jsonToJava(JsonReader.java:289)
	at com.cedarsoftware.util.io.JsonReader.jsonToJava(JsonReader.java:262)
	at org.scalaide.core.internal.statistics.Statistics.org$scalaide$core$internal$statistics$Statistics$$read(Statistics.scala:74)
	at org.scalaide.core.internal.statistics.Statistics$$anonfun$readStats$1.apply(Statistics.scala:52)
	at org.scalaide.core.internal.statistics.Statistics$$anonfun$readStats$1.apply(Statistics.scala:51)
	at org.scalaide.core.ScalaIdeDataStore$$anonfun$validate$2.apply(ScalaIdeDataStore.scala:59)
	at org.scalaide.util.eclipse.EclipseUtils$$anon$3.run(EclipseUtils.scala:216)
	at org.eclipse.core.runtime.SafeRunner.run(SafeRunner.java:42)
	at org.scalaide.util.eclipse.EclipseUtils$.withSafeRunner(EclipseUtils.scala:212)
	at org.scalaide.core.ScalaIdeDataStore$.validate(ScalaIdeDataStore.scala:58)
	at org.scalaide.core.internal.statistics.Statistics.readStats(Statistics.scala:51)
	at org.scalaide.core.internal.statistics.Statistics.<init>(Statistics.scala:30)
	at org.scalaide.core.internal.ScalaPlugin.stats$lzycompute(ScalaPlugin.scala:136)
	at org.scalaide.core.internal.ScalaPlugin.stats(ScalaPlugin.scala:136)
	at org.scalaide.core.internal.ScalaPlugin.statistics(ScalaPlugin.scala:139)
	at org.scalaide.core.internal.ScalaPlugin.start(ScalaPlugin.scala:110)
	at org.eclipse.osgi.internal.framework.BundleContextImpl$3.run(BundleContextImpl.java:771)
	at org.eclipse.osgi.internal.framework.BundleContextImpl$3.run(BundleContextImpl.java:1)
	at java.security.AccessController.doPrivileged(Native Method)
	at org.eclipse.osgi.internal.framework.BundleContextImpl.startActivator(BundleContextImpl.java:764)
	at org.eclipse.osgi.internal.framework.BundleContextImpl.start(BundleContextImpl.java:721)
	at org.eclipse.osgi.internal.framework.EquinoxBundle.startWorker0(EquinoxBundle.java:936)
	at org.eclipse.osgi.internal.framework.EquinoxBundle$EquinoxModule.startWorker(EquinoxBundle.java:319)
	at org.eclipse.osgi.container.Module.doStart(Module.java:571)
	at org.eclipse.osgi.container.Module.start(Module.java:439)
	at org.eclipse.osgi.framework.util.SecureAction.start(SecureAction.java:454)
	at org.eclipse.osgi.internal.hooks.EclipseLazyStarter.postFindLocalClass(EclipseLazyStarter.java:107)
	at org.eclipse.osgi.internal.loader.classpath.ClasspathManager.findLocalClass(ClasspathManager.java:531)
	at org.eclipse.osgi.internal.loader.ModuleClassLoader.findLocalClass(ModuleClassLoader.java:324)
	at org.eclipse.osgi.internal.loader.BundleLoader.findLocalClass(BundleLoader.java:320)
	at org.eclipse.osgi.internal.loader.BundleLoader.findClassInternal(BundleLoader.java:395)
	at org.eclipse.osgi.internal.loader.BundleLoader.findClass(BundleLoader.java:345)
	at org.eclipse.osgi.internal.loader.BundleLoader.findClass(BundleLoader.java:337)
	at org.eclipse.osgi.internal.loader.ModuleClassLoader.loadClass(ModuleClassLoader.java:160)
	at java.lang.ClassLoader.loadClass(Unknown Source)
	at org.eclipse.osgi.internal.framework.EquinoxBundle.loadClass(EquinoxBundle.java:568)
	at org.eclipse.core.internal.registry.osgi.RegistryStrategyOSGI.createExecutableExtension(RegistryStrategyOSGI.java:174)
	at org.eclipse.core.internal.registry.ExtensionRegistry.createExecutableExtension(ExtensionRegistry.java:905)
	at org.eclipse.core.internal.registry.ConfigurationElement.createExecutableExtension(ConfigurationElement.java:243)
	at org.eclipse.core.internal.registry.ConfigurationElementHandle.createExecutableExtension(ConfigurationElementHandle.java:55)
	at scala.tools.eclipse.contribution.weaving.jdt.cuprovider.CompilationUnitProviderRegistry.registerProviders(CompilationUnitProviderRegistry.java:82)
	at scala.tools.eclipse.contribution.weaving.jdt.cuprovider.CompilationUnitProviderRegistry.getProvider(CompilationUnitProviderRegistry.java:59)
	at scala.tools.eclipse.contribution.weaving.jdt.cuprovider.CompilationUnitProviderAspect.ajc$inlineAccessMethod$scala_tools_eclipse_contribution_weaving_jdt_cuprovider_CompilationUnitProviderAspect$scala_tools_eclipse_contribution_weaving_jdt_cuprovider_CompilationUnitProviderRegistry$getProvider(CompilationUnitProviderAspect.aj:1)
	at scala.tools.eclipse.contribution.weaving.jdt.cuprovider.CompilationUnitProviderAspect.ajc$around$scala_tools_eclipse_contribution_weaving_jdt_cuprovider_CompilationUnitProviderAspect$1$7be11f6e(CompilationUnitProviderAspect.aj:60)
	at org.eclipse.jdt.internal.core.PackageFragment.getCompilationUnit(PackageFragment.java:219)
	at org.eclipse.jdt.internal.core.JavaModelManager.createCompilationUnitFrom(JavaModelManager.java:982)
	at org.eclipse.jdt.internal.core.JavaModelManager.create(JavaModelManager.java:891)
	at org.eclipse.jdt.core.JavaCore.create(JavaCore.java:3058)
	at org.eclipse.jdt.internal.ui.javaeditor.CompilationUnitDocumentProvider.createCompilationUnit(CompilationUnitDocumentProvider.java:942)
	at org.eclipse.jdt.internal.ui.javaeditor.CompilationUnitDocumentProvider.createFileInfo(CompilationUnitDocumentProvider.java:975)
	at org.eclipse.ui.editors.text.TextFileDocumentProvider.connect(TextFileDocumentProvider.java:478)
	at org.eclipse.jdt.internal.ui.javaeditor.CompilationUnitDocumentProvider.connect(CompilationUnitDocumentProvider.java:1244)
	at org.eclipse.ui.texteditor.AbstractTextEditor.doSetInput(AbstractTextEditor.java:4233)
	at org.eclipse.ui.texteditor.StatusTextEditor.doSetInput(StatusTextEditor.java:237)
	at org.eclipse.ui.texteditor.AbstractDecoratedTextEditor.doSetInput(AbstractDecoratedTextEditor.java:1480)
	at org.eclipse.jdt.internal.ui.javaeditor.JavaEditor.internalDoSetInput(JavaEditor.java:2584)
	at org.eclipse.jdt.internal.ui.javaeditor.JavaEditor.doSetInput(JavaEditor.java:2557)
	at org.eclipse.jdt.internal.ui.javaeditor.CompilationUnitEditor.doSetInput(CompilationUnitEditor.java:1395)
	at org.eclipse.ui.texteditor.AbstractTextEditor$19.run(AbstractTextEditor.java:3220)
	at org.eclipse.ui.internal.WorkbenchWindow.run(WorkbenchWindow.java:2099)
	at org.eclipse.ui.texteditor.AbstractTextEditor.internalInit(AbstractTextEditor.java:3238)
	at org.eclipse.ui.texteditor.AbstractTextEditor.init(AbstractTextEditor.java:3265)
	at org.eclipse.ui.internal.EditorReference.initialize(EditorReference.java:390)
	at org.eclipse.ui.internal.e4.compatibility.CompatibilityPart.create(CompatibilityPart.java:305)
	at sun.reflect.NativeMethodAccessorImpl.invoke0(Native Method)
	at sun.reflect.NativeMethodAccessorImpl.invoke(Unknown Source)
	at sun.reflect.DelegatingMethodAccessorImpl.invoke(Unknown Source)
	at java.lang.reflect.Method.invoke(Unknown Source)
	at org.eclipse.e4.core.internal.di.MethodRequestor.execute(MethodRequestor.java:55)
	at org.eclipse.e4.core.internal.di.InjectorImpl.processAnnotated(InjectorImpl.java:888)
	at org.eclipse.e4.core.internal.di.InjectorImpl.processAnnotated(InjectorImpl.java:869)
	at org.eclipse.e4.core.internal.di.InjectorImpl.inject(InjectorImpl.java:120)
	at org.eclipse.e4.core.internal.di.InjectorImpl.internalMake(InjectorImpl.java:337)
	at org.eclipse.e4.core.internal.di.InjectorImpl.make(InjectorImpl.java:258)
	at org.eclipse.e4.core.contexts.ContextInjectionFactory.make(ContextInjectionFactory.java:162)
	at org.eclipse.e4.ui.internal.workbench.ReflectionContributionFactory.createFromBundle(ReflectionContributionFactory.java:104)
	at org.eclipse.e4.ui.internal.workbench.ReflectionContributionFactory.doCreate(ReflectionContributionFactory.java:73)
	at org.eclipse.e4.ui.internal.workbench.ReflectionContributionFactory.create(ReflectionContributionFactory.java:55)
	at org.eclipse.e4.ui.workbench.renderers.swt.ContributedPartRenderer.createWidget(ContributedPartRenderer.java:127)
	at org.eclipse.e4.ui.internal.workbench.swt.PartRenderingEngine.createWidget(PartRenderingEngine.java:983)
	at org.eclipse.e4.ui.internal.workbench.swt.PartRenderingEngine.safeCreateGui(PartRenderingEngine.java:662)
	at org.eclipse.e4.ui.internal.workbench.swt.PartRenderingEngine.safeCreateGui(PartRenderingEngine.java:766)
	at org.eclipse.e4.ui.internal.workbench.swt.PartRenderingEngine.access$2(PartRenderingEngine.java:737)
	at org.eclipse.e4.ui.internal.workbench.swt.PartRenderingEngine$7.run(PartRenderingEngine.java:731)
	at org.eclipse.core.runtime.SafeRunner.run(SafeRunner.java:42)
	at org.eclipse.e4.ui.internal.workbench.swt.PartRenderingEngine.createGui(PartRenderingEngine.java:715)
	at org.eclipse.e4.ui.workbench.renderers.swt.StackRenderer.showTab(StackRenderer.java:1246)
	at org.eclipse.e4.ui.workbench.renderers.swt.LazyStackRenderer.postProcess(LazyStackRenderer.java:103)
	at org.eclipse.e4.ui.internal.workbench.swt.PartRenderingEngine.safeCreateGui(PartRenderingEngine.java:678)
	at org.eclipse.e4.ui.internal.workbench.swt.PartRenderingEngine.safeCreateGui(PartRenderingEngine.java:766)
	at org.eclipse.e4.ui.internal.workbench.swt.PartRenderingEngine.access$2(PartRenderingEngine.java:737)
	at org.eclipse.e4.ui.internal.workbench.swt.PartRenderingEngine$7.run(PartRenderingEngine.java:731)
	at org.eclipse.core.runtime.SafeRunner.run(SafeRunner.java:42)
	at org.eclipse.e4.ui.internal.workbench.swt.PartRenderingEngine.createGui(PartRenderingEngine.java:715)
	at org.eclipse.e4.ui.workbench.renderers.swt.SWTPartRenderer.processContents(SWTPartRenderer.java:69)
	at org.eclipse.e4.ui.internal.workbench.swt.PartRenderingEngine.safeCreateGui(PartRenderingEngine.java:674)
	at org.eclipse.e4.ui.internal.workbench.swt.PartRenderingEngine$6.run(PartRenderingEngine.java:547)
	at org.eclipse.core.runtime.SafeRunner.run(SafeRunner.java:42)
	at org.eclipse.e4.ui.internal.workbench.swt.PartRenderingEngine.createGui(PartRenderingEngine.java:531)
	at org.eclipse.e4.ui.workbench.renderers.swt.ElementReferenceRenderer.createWidget(ElementReferenceRenderer.java:69)
	at org.eclipse.e4.ui.internal.workbench.swt.PartRenderingEngine.createWidget(PartRenderingEngine.java:983)
	at org.eclipse.e4.ui.internal.workbench.swt.PartRenderingEngine.safeCreateGui(PartRenderingEngine.java:662)
	at org.eclipse.e4.ui.internal.workbench.swt.PartRenderingEngine.safeCreateGui(PartRenderingEngine.java:766)
	at org.eclipse.e4.ui.internal.workbench.swt.PartRenderingEngine.access$2(PartRenderingEngine.java:737)
	at org.eclipse.e4.ui.internal.workbench.swt.PartRenderingEngine$7.run(PartRenderingEngine.java:731)
	at org.eclipse.core.runtime.SafeRunner.run(SafeRunner.java:42)
	at org.eclipse.e4.ui.internal.workbench.swt.PartRenderingEngine.createGui(PartRenderingEngine.java:715)
	at org.eclipse.e4.ui.workbench.renderers.swt.SWTPartRenderer.processContents(SWTPartRenderer.java:69)
	at org.eclipse.e4.ui.workbench.renderers.swt.SashRenderer.processContents(SashRenderer.java:185)
	at org.eclipse.e4.ui.internal.workbench.swt.PartRenderingEngine.safeCreateGui(PartRenderingEngine.java:674)
	at org.eclipse.e4.ui.internal.workbench.swt.PartRenderingEngine.safeCreateGui(PartRenderingEngine.java:766)
	at org.eclipse.e4.ui.internal.workbench.swt.PartRenderingEngine.access$2(PartRenderingEngine.java:737)
	at org.eclipse.e4.ui.internal.workbench.swt.PartRenderingEngine$7.run(PartRenderingEngine.java:731)
	at org.eclipse.core.runtime.SafeRunner.run(SafeRunner.java:42)
	at org.eclipse.e4.ui.internal.workbench.swt.PartRenderingEngine.createGui(PartRenderingEngine.java:715)
	at org.eclipse.e4.ui.workbench.renderers.swt.SWTPartRenderer.processContents(SWTPartRenderer.java:69)
	at org.eclipse.e4.ui.workbench.renderers.swt.SashRenderer.processContents(SashRenderer.java:185)
	at org.eclipse.e4.ui.internal.workbench.swt.PartRenderingEngine.safeCreateGui(PartRenderingEngine.java:674)
	at org.eclipse.e4.ui.internal.workbench.swt.PartRenderingEngine.safeCreateGui(PartRenderingEngine.java:766)
	at org.eclipse.e4.ui.internal.workbench.swt.PartRenderingEngine.access$2(PartRenderingEngine.java:737)
	at org.eclipse.e4.ui.internal.workbench.swt.PartRenderingEngine$7.run(PartRenderingEngine.java:731)
	at org.eclipse.core.runtime.SafeRunner.run(SafeRunner.java:42)
	at org.eclipse.e4.ui.internal.workbench.swt.PartRenderingEngine.createGui(PartRenderingEngine.java:715)
	at org.eclipse.e4.ui.workbench.renderers.swt.SWTPartRenderer.processContents(SWTPartRenderer.java:69)
	at org.eclipse.e4.ui.workbench.renderers.swt.SashRenderer.processContents(SashRenderer.java:185)
	at org.eclipse.e4.ui.internal.workbench.swt.PartRenderingEngine.safeCreateGui(PartRenderingEngine.java:674)
	at org.eclipse.e4.ui.internal.workbench.swt.PartRenderingEngine.safeCreateGui(PartRenderingEngine.java:766)
	at org.eclipse.e4.ui.internal.workbench.swt.PartRenderingEngine.access$2(PartRenderingEngine.java:737)
	at org.eclipse.e4.ui.internal.workbench.swt.PartRenderingEngine$7.run(PartRenderingEngine.java:731)
	at org.eclipse.core.runtime.SafeRunner.run(SafeRunner.java:42)
	at org.eclipse.e4.ui.internal.workbench.swt.PartRenderingEngine.createGui(PartRenderingEngine.java:715)
	at org.eclipse.e4.ui.workbench.renderers.swt.SWTPartRenderer.processContents(SWTPartRenderer.java:69)
	at org.eclipse.e4.ui.workbench.renderers.swt.PerspectiveRenderer.processContents(PerspectiveRenderer.java:49)
	at org.eclipse.e4.ui.internal.workbench.swt.PartRenderingEngine.safeCreateGui(PartRenderingEngine.java:674)
	at org.eclipse.e4.ui.internal.workbench.swt.PartRenderingEngine.safeCreateGui(PartRenderingEngine.java:766)
	at org.eclipse.e4.ui.internal.workbench.swt.PartRenderingEngine.access$2(PartRenderingEngine.java:737)
	at org.eclipse.e4.ui.internal.workbench.swt.PartRenderingEngine$7.run(PartRenderingEngine.java:731)
	at org.eclipse.core.runtime.SafeRunner.run(SafeRunner.java:42)
	at org.eclipse.e4.ui.internal.workbench.swt.PartRenderingEngine.createGui(PartRenderingEngine.java:715)
	at org.eclipse.e4.ui.workbench.renderers.swt.PerspectiveStackRenderer.showTab(PerspectiveStackRenderer.java:103)
	at org.eclipse.e4.ui.workbench.renderers.swt.LazyStackRenderer.postProcess(LazyStackRenderer.java:103)
	at org.eclipse.e4.ui.workbench.renderers.swt.PerspectiveStackRenderer.postProcess(PerspectiveStackRenderer.java:77)
	at org.eclipse.e4.ui.internal.workbench.swt.PartRenderingEngine.safeCreateGui(PartRenderingEngine.java:678)
	at org.eclipse.e4.ui.internal.workbench.swt.PartRenderingEngine.safeCreateGui(PartRenderingEngine.java:766)
	at org.eclipse.e4.ui.internal.workbench.swt.PartRenderingEngine.access$2(PartRenderingEngine.java:737)
	at org.eclipse.e4.ui.internal.workbench.swt.PartRenderingEngine$7.run(PartRenderingEngine.java:731)
	at org.eclipse.core.runtime.SafeRunner.run(SafeRunner.java:42)
	at org.eclipse.e4.ui.internal.workbench.swt.PartRenderingEngine.createGui(PartRenderingEngine.java:715)
	at org.eclipse.e4.ui.workbench.renderers.swt.SWTPartRenderer.processContents(SWTPartRenderer.java:69)
	at org.eclipse.e4.ui.workbench.renderers.swt.SashRenderer.processContents(SashRenderer.java:185)
	at org.eclipse.e4.ui.internal.workbench.swt.PartRenderingEngine.safeCreateGui(PartRenderingEngine.java:674)
	at org.eclipse.e4.ui.internal.workbench.swt.PartRenderingEngine.safeCreateGui(PartRenderingEngine.java:766)
	at org.eclipse.e4.ui.internal.workbench.swt.PartRenderingEngine.access$2(PartRenderingEngine.java:737)
	at org.eclipse.e4.ui.internal.workbench.swt.PartRenderingEngine$7.run(PartRenderingEngine.java:731)
	at org.eclipse.core.runtime.SafeRunner.run(SafeRunner.java:42)
	at org.eclipse.e4.ui.internal.workbench.swt.PartRenderingEngine.createGui(PartRenderingEngine.java:715)
	at org.eclipse.e4.ui.workbench.renderers.swt.SWTPartRenderer.processContents(SWTPartRenderer.java:69)
	at org.eclipse.e4.ui.workbench.renderers.swt.WBWRenderer.processContents(WBWRenderer.java:663)
	at org.eclipse.e4.ui.internal.workbench.swt.PartRenderingEngine.safeCreateGui(PartRenderingEngine.java:674)
	at org.eclipse.e4.ui.internal.workbench.swt.PartRenderingEngine.safeCreateGui(PartRenderingEngine.java:766)
	at org.eclipse.e4.ui.internal.workbench.swt.PartRenderingEngine.access$2(PartRenderingEngine.java:737)
	at org.eclipse.e4.ui.internal.workbench.swt.PartRenderingEngine$7.run(PartRenderingEngine.java:731)
	at org.eclipse.core.runtime.SafeRunner.run(SafeRunner.java:42)
	at org.eclipse.e4.ui.internal.workbench.swt.PartRenderingEngine.createGui(PartRenderingEngine.java:715)
	at org.eclipse.e4.ui.internal.workbench.swt.PartRenderingEngine$9.run(PartRenderingEngine.java:1078)
	at org.eclipse.core.databinding.observable.Realm.runWithDefault(Realm.java:332)
	at org.eclipse.e4.ui.internal.workbench.swt.PartRenderingEngine.run(PartRenderingEngine.java:1032)
	at org.eclipse.e4.ui.internal.workbench.E4Workbench.createAndRunUI(E4Workbench.java:148)
	at org.eclipse.ui.internal.Workbench$5.run(Workbench.java:636)
	at org.eclipse.core.databinding.observable.Realm.runWithDefault(Realm.java:332)
	at org.eclipse.ui.internal.Workbench.createAndRunWorkbench(Workbench.java:579)
	at org.eclipse.ui.PlatformUI.createAndRunWorkbench(PlatformUI.java:150)
	at org.eclipse.ui.internal.ide.application.IDEApplication.start(IDEApplication.java:135)
	at org.eclipse.equinox.internal.app.EclipseAppHandle.run(EclipseAppHandle.java:196)
	at org.eclipse.core.runtime.internal.adaptor.EclipseAppLauncher.runApplication(EclipseAppLauncher.java:134)
	at org.eclipse.core.runtime.internal.adaptor.EclipseAppLauncher.start(EclipseAppLauncher.java:104)
	at org.eclipse.core.runtime.adaptor.EclipseStarter.run(EclipseStarter.java:380)
	at org.eclipse.core.runtime.adaptor.EclipseStarter.run(EclipseStarter.java:235)
	at sun.reflect.NativeMethodAccessorImpl.invoke0(Native Method)
	at sun.reflect.NativeMethodAccessorImpl.invoke(Unknown Source)
	at sun.reflect.DelegatingMethodAccessorImpl.invoke(Unknown Source)
	at java.lang.reflect.Method.invoke(Unknown Source)
	at org.eclipse.equinox.launcher.Main.invokeFramework(Main.java:648)
	at org.eclipse.equinox.launcher.Main.basicRun(Main.java:603)
	at org.eclipse.equinox.launcher.Main.run(Main.java:1465)
Caused by: com.cedarsoftware.util.io.JsonIoException: EOF reached prematurely
	at com.cedarsoftware.util.io.JsonParser.error(JsonParser.java:584)
	at com.cedarsoftware.util.io.JsonParser.readValue(JsonParser.java:278)
	at com.cedarsoftware.util.io.JsonReader.readObject(JsonReader.java:521)
	... 185 more
2015-12-05 21:05:21,285 ERROR [org.eclipse.jdt.internal.ui.text.JavaReconciler] - System.err - log4j:WARN No appenders could be found for logger (org.eclipse.m2e.core.internal.project.registry.ProjectRegistryRefreshJob).
2015-12-05 21:05:21,285 ERROR [org.eclipse.jdt.internal.ui.text.JavaReconciler] - System.err - log4j:WARN Please initialize the log4j system properly.
2015-12-05 21:05:21,528  WARN [Worker-4] - ScalaProject - Project Test1 has platform default sourceLevel.
2015-12-05 21:05:21,532  WARN [Worker-4] - ScalaProject - Project Test1 runs on platform default installation.
2015-12-05 21:54:15,651  WARN [Worker-16] - ScalaProject - Project Test1 has platform default sourceLevel.
2015-12-05 21:54:15,661  WARN [Worker-16] - ScalaProject - Project Test1 runs on platform default installation.
